<?xml version="1.0" encoding="UTF-8" standalone="no"?>
<testsuite failures="0" name="cucumber.runtime.formatter.JUnitFormatter" skipped="1" tests="1" time="0.151235">
<testcase classname="Chess" name="Display the Chess Board" time="0.151235">
<skipped><![CDATA[Given A simple game of chess................................................passed
When I check the the board..................................................pending
Then the board is displayed.................................................skipped
]]></skipped>
</testcase>
</testsuite>
